Failed to retrieve Job Posting Link to file 001-company-name-job-title.txt
Failed to retrieve https://www.indeed.com/viewjob?jk=2acf25a5cd2a3398&tk=1cga7d3c2bqclae2&from=serp&vjs=3  to file 002-circle-software-engineer.txt
Failed to retrieve https://www.indeed.com/viewjob?jk=4d1ce3caa7f2a7a5&q=Blockchain&l=Cambridge,+MA&tk=1cga7pbtsbqclbq0&from=web&advn=2925777763912502&sjdu=l1zMf5orFuiEfU9xTsaKuSd1Za2eo-9UagIn7Lh3RQCuE2a1rrfrTuXYQh7o7PKtWsspc9bpArmVaL6Ixo7vMDCQ8hlDPTwR6Ns8SCidlEdO_mO3YzcvQFOiNG7FLG5cmQt8_kx3omTJy99Vi6QShA&acatk=1cga7po77busgavi&pub=4a1b367933fd867b19b072952f68dceb&vjs=3 to file 003-the-bivium-group-principle-blockchain-engineer.txt
Failed to retrieve https://www.indeed.com/cmp/Shipchain/jobs/Principal-Blockchain-Engineer-6849422efcb4c5bf?sjdu=Zzi_VW2ygsY1fzh3Ma9ZsE4zIT1NTXCwgFBhdjeTC3PGHbAkHaz7HA9COYF0JhtTc6Dx9Glu0-0mPU4TxywD9A&tk=1cgd5s9o01fkk45c&vjs=3 to file 004-shipchain-principal-blockchain-engineer.txt
Failed to retrieve https://www.indeed.com/cmp/DxChain-Network/jobs/Blockchain-Software-Engineer-de53c3f83f52c097?sjdu=QwrRXKrqZ3CNX5W-O9jEvQuE2rFhn5Wnm_ekCrUH0R9U0MvPnWzUHuAiqcA3FJ58gF4FJuzTh62YM2aaESUm7BGvbbOLWZxrB8f9W0oyrAI&tk=1cgd5s9o01fkk45c&vjs=3 to file 005-dxchain-network-blockchain-software-engineer.txt
Failed to retrieve https://www.indeed.com/viewjob?jk=3cf7fcba517d17bb&tk=1cgd5s9o01fkk45c&from=serp&vjs=3 to file 006-thunder-token-blockchain-consensus-engineer.txt
Failed to retrieve https://www.indeed.com/viewjob?jk=599e4f2bfe315c08&tk=1cgd5s9o01fkk45c&from=serp&vjs=3 to file 007-blockchain-developers-backend-engineer.txt
Failed to retrieve https://www.indeed.com/viewjob?jk=32a5b7074a16e092&q=Blockchain+Engineer&l=United+States&tk=1cgd5s9o01fkk45c&from=web&vjs=3 to file 008-fusechain-inc-blockchain-software-engineer.txt
Failed to retrieve https://www.indeed.com/viewjob?jk=47cfcebbdb47a549&tk=1cgd5s9o01fkk45c&from=serp&vjs=3 to file 009-cisco-principle-blockchain-engineer.txt
Failed to retrieve https://www.indeed.com/viewjob?jk=1b2b0765cc5ebb06&q=Blockchain+Engineer&l=United+States&tk=1cgd5s9o01fkk45c&from=web&vjs=3 to file 010-blockstream-software-engineer.txt
Failed to retrieve https://www.indeed.com/viewjob?jk=eff79d64c34f3fcd&q=Blockchain+Engineer&l=United+States&tk=1cgd5s9o01fkk45c&from=web&vjs=3 to file 011-new-alchemy-blockchain-software-engineer.txt
Failed to retrieve https://www.indeed.com/viewjob?jk=6b6834d2751c4216&tk=1cgd8dgth1fkk3cr&from=serp&vjs=3 to file 012-otc-exchange-network-director-of-blockchain-engineering.txt
Failed to retrieve https://www.indeed.com/viewjob?jk=23b172f268c071be&tk=1cgd8dgth1fkk3cr&from=serp&vjs=3 to file 013-vmware-staff-blockchain-engineer.txt
Failed to retrieve https://www.indeed.com/viewjob?jk=1f2cee8702151197&tk=1cgd9mc311fkk600&from=serp&vjs=3 to file 014-coinbase-director-of-engineering.txt
Failed to retrieve https://www.indeed.com/cmp/Skyrocket-Ventures/jobs/Senior-Lead-Software-Engineer-fbd7173f3269d016?sjdu=QwrRXKrqZ3CNX5W-O9jEvRo8N2bpp46OM-ALoNtrTG7ClPF_cAA2d9TGsQAA6pajE_GbH-fKCO83hKPKmKe1kGsrCme0ljy_M77I_37t-0hP_ws6NazT_TNHA2Zm44NrrSUujNPg1q-hWcXTEyblMw&tk=1cgd9mc311fkk600&vjs=3 to file 015-skyrocket-ventures-sr--software-engineer.txt
Failed to retrieve https://www.indeed.com/viewjob?jk=8c12f1bc6e8be323&tk=1cgddbot31fsk06r&from=serp&alid=3&advn=8690912762161442 to file 016-cybercoders-blockchain-engineer.txt
Failed to retrieve https://www.indeed.com/viewjob?jk=ae4df9af2b286edc&q=Blockchain+Engineer&l=United+States&tk=1cgddbgoi1fkk3ua&from=web&vjs=3 to file 017-abra-principle-blockchcain-engineer.txt
Failed to retrieve https://www.indeed.com/viewjob?jk=045d41e8f172d83a&tk=1cgddbgoi1fkk3ua&from=serp&vjs=3 to file 018-dock-blockchain-engineer.txt
Failed to retrieve https://www.indeed.com/viewjob?jk=f26fa82460546814&tk=1cgddbgoi1fkk3ua&from=serp&vjs=3 to file 019-thunder-token-frontend-engineer.txt
Failed to retrieve https://www.indeed.com/viewjob?jk=490048e4a1115f79&tk=1cgdfpilm1fkk2je&from=serp&vjs=3 to file 020-paxos-engineering-director.txt
Failed to retrieve https://www.indeed.com/viewjob?jk=4329b197ffab6b4c&q=Blockchain+Engineer&l=United+States&tk=1cgdfpilm1fkk2je&from=web&vjs=3 to file 021-ripple-engineering-manager.txt
Failed to retrieve https://www.indeed.com/viewjob?jk=21c0090d3a71701e&tk=1cgdfpilm1fkk2je&from=serp&vjs=3 to file 022-coinbase-engineering-manager.txt
Failed to retrieve https://www.indeed.com/cmp/USTOSHOP/jobs/Blockchain-Trading-Platform-Senior-Development-Engineer-fd5597983ad21d82?q=Blockchain+Engineer&vjs=3 to file 023-ustoshop-senior-development-engineer.txt
Failed to retrieve https://www.indeed.com/viewjob?jk=afc75881ef26a7e9&tk=1cgdgvsct1fkk1jt&from=serp&vjs=3 to file 024-blockstack-head-of-engineering.txt
Failed to retrieve https://www.indeed.com/viewjob?jk=922f2c12c4845dcb&tk=1cgdgvsct1fkk1jt&from=serp&vjs=3 to file 025-dash-sr--software-engineer.txt
Failed to retrieve https://www.indeed.com/viewjob?jk=9f5ccacc5c8ce83b&tk=1cga7pbtsbqclbq0&from=serp&vjs=3 to file 026-circle-software-engineer.txt
Failed to retrieve https://www.indeed.com/viewjob?jk=f80bc81d8a3a4ed6&tk=1cga8cd3pbqcl8u9&from=serp&vjs=3 to file 027-circle-senior-web-developer.txt
Failed to retrieve https://www.indeed.com/viewjob?jk=51afd8ec87fe0a9a&tk=1cga80qrgbqcldlp&from=serp&vjs=3 to file 028-circle-internet-financial-senior-software-engineer.txt
Failed to retrieve https://www.indeed.com/viewjob?jk=4236fc68e7ebd9ea&tk=1cga80qrgbqcldlp&from=serp&vjs=3 to file 029-circle-data-engineer.txt
Failed to retrieve https://www.indeed.com/viewjob?jk=3debe657d8452157&tk=1cga89ff8bqclfmg&from=serp&vjs=3 to file 030-jobspring-partners-full-stack-javascript-developer.txt
Failed to retrieve https://www.ziprecruiter.com/jobs/ryzen-solutions-b225f03a/blockchain-developer-45a5744e to file 031-ryzen-solutions-blockchain-developer.txt
Failed to retrieve https://boards.greenhouse.io/abra/jobs/1192298 to file 032-abra-sr--scala-engineer.txt
Failed to retrieve https://boards.greenhouse.io/averon/jobs/4032687002 to file 033-averon-software-engineer.txt
Failed to retrieve https://boards.greenhouse.io/averon/jobs/4023864002 to file 034-averon-senior-software-engineer.txt
Failed to retrieve https://boards.greenhouse.io/averon/jobs/4023862002 to file 035-averon-software-engineer.txt
Failed to retrieve https://boards.greenhouse.io/averon/jobs/4023867002 to file 036-averon-demo-engineer.txt
Failed to retrieve https://boards.greenhouse.io/averon/jobs/4009062002 to file 037-averon-site-reliability-engineer.txt
Failed to retrieve https://boards.greenhouse.io/averon/jobs/4009060002 to file 038-averon-senior-site-reliability-engineer.txt
Failed to retrieve https://boards.greenhouse.io/averon/jobs/4012012002 to file 039-averon-qa-engineer.txt
Failed to retrieve Job Posting Link to file 001-company-name-job-title.txt
Failed to retrieve https://www.indeed.com/viewjob?jk=2acf25a5cd2a3398&tk=1cga7d3c2bqclae2&from=serp&vjs=3  to file 002-circle-software-engineer.txt
Failed to retrieve https://www.indeed.com/viewjob?jk=4d1ce3caa7f2a7a5&q=Blockchain&l=Cambridge,+MA&tk=1cga7pbtsbqclbq0&from=web&advn=2925777763912502&sjdu=l1zMf5orFuiEfU9xTsaKuSd1Za2eo-9UagIn7Lh3RQCuE2a1rrfrTuXYQh7o7PKtWsspc9bpArmVaL6Ixo7vMDCQ8hlDPTwR6Ns8SCidlEdO_mO3YzcvQFOiNG7FLG5cmQt8_kx3omTJy99Vi6QShA&acatk=1cga7po77busgavi&pub=4a1b367933fd867b19b072952f68dceb&vjs=3 to file 003-the-bivium-group-principle-blockchain-engineer.txt
Failed to retrieve https://www.indeed.com/cmp/Shipchain/jobs/Principal-Blockchain-Engineer-6849422efcb4c5bf?sjdu=Zzi_VW2ygsY1fzh3Ma9ZsE4zIT1NTXCwgFBhdjeTC3PGHbAkHaz7HA9COYF0JhtTc6Dx9Glu0-0mPU4TxywD9A&tk=1cgd5s9o01fkk45c&vjs=3 to file 004-shipchain-principal-blockchain-engineer.txt
Failed to retrieve https://www.indeed.com/cmp/DxChain-Network/jobs/Blockchain-Software-Engineer-de53c3f83f52c097?sjdu=QwrRXKrqZ3CNX5W-O9jEvQuE2rFhn5Wnm_ekCrUH0R9U0MvPnWzUHuAiqcA3FJ58gF4FJuzTh62YM2aaESUm7BGvbbOLWZxrB8f9W0oyrAI&tk=1cgd5s9o01fkk45c&vjs=3 to file 005-dxchain-network-blockchain-software-engineer.txt
Failed to retrieve https://www.indeed.com/viewjob?jk=3cf7fcba517d17bb&tk=1cgd5s9o01fkk45c&from=serp&vjs=3 to file 006-thunder-token-blockchain-consensus-engineer.txt
Failed to retrieve https://www.indeed.com/viewjob?jk=599e4f2bfe315c08&tk=1cgd5s9o01fkk45c&from=serp&vjs=3 to file 007-blockchain-developers-backend-engineer.txt
Failed to retrieve https://www.indeed.com/viewjob?jk=32a5b7074a16e092&q=Blockchain+Engineer&l=United+States&tk=1cgd5s9o01fkk45c&from=web&vjs=3 to file 008-fusechain-inc-blockchain-software-engineer.txt
Failed to retrieve https://www.indeed.com/viewjob?jk=47cfcebbdb47a549&tk=1cgd5s9o01fkk45c&from=serp&vjs=3 to file 009-cisco-principle-blockchain-engineer.txt
Failed to retrieve https://www.indeed.com/viewjob?jk=1b2b0765cc5ebb06&q=Blockchain+Engineer&l=United+States&tk=1cgd5s9o01fkk45c&from=web&vjs=3 to file 010-blockstream-software-engineer.txt
Failed to retrieve https://www.indeed.com/viewjob?jk=eff79d64c34f3fcd&q=Blockchain+Engineer&l=United+States&tk=1cgd5s9o01fkk45c&from=web&vjs=3 to file 011-new-alchemy-blockchain-software-engineer.txt
Failed to retrieve https://www.indeed.com/viewjob?jk=6b6834d2751c4216&tk=1cgd8dgth1fkk3cr&from=serp&vjs=3 to file 012-otc-exchange-network-director-of-blockchain-engineering.txt
Failed to retrieve https://www.indeed.com/viewjob?jk=23b172f268c071be&tk=1cgd8dgth1fkk3cr&from=serp&vjs=3 to file 013-vmware-staff-blockchain-engineer.txt
Failed to retrieve https://www.indeed.com/viewjob?jk=1f2cee8702151197&tk=1cgd9mc311fkk600&from=serp&vjs=3 to file 014-coinbase-director-of-engineering.txt
Failed to retrieve https://www.indeed.com/cmp/Skyrocket-Ventures/jobs/Senior-Lead-Software-Engineer-fbd7173f3269d016?sjdu=QwrRXKrqZ3CNX5W-O9jEvRo8N2bpp46OM-ALoNtrTG7ClPF_cAA2d9TGsQAA6pajE_GbH-fKCO83hKPKmKe1kGsrCme0ljy_M77I_37t-0hP_ws6NazT_TNHA2Zm44NrrSUujNPg1q-hWcXTEyblMw&tk=1cgd9mc311fkk600&vjs=3 to file 015-skyrocket-ventures-sr--software-engineer.txt
Failed to retrieve https://www.indeed.com/viewjob?jk=8c12f1bc6e8be323&tk=1cgddbot31fsk06r&from=serp&alid=3&advn=8690912762161442 to file 016-cybercoders-blockchain-engineer.txt
Failed to retrieve https://www.indeed.com/viewjob?jk=ae4df9af2b286edc&q=Blockchain+Engineer&l=United+States&tk=1cgddbgoi1fkk3ua&from=web&vjs=3 to file 017-abra-principle-blockchcain-engineer.txt
Failed to retrieve https://www.indeed.com/viewjob?jk=045d41e8f172d83a&tk=1cgddbgoi1fkk3ua&from=serp&vjs=3 to file 018-dock-blockchain-engineer.txt
Failed to retrieve https://www.indeed.com/viewjob?jk=f26fa82460546814&tk=1cgddbgoi1fkk3ua&from=serp&vjs=3 to file 019-thunder-token-frontend-engineer.txt
Failed to retrieve https://www.indeed.com/viewjob?jk=490048e4a1115f79&tk=1cgdfpilm1fkk2je&from=serp&vjs=3 to file 020-paxos-engineering-director.txt
Failed to retrieve Job Posting Link to file 001-company-name-job-title.txt
Failed to retrieve https://angel.co/elliptic/jobs/353092-senior-software-engineer to file 130-elliptic-senior-software-engineer.txt
Failed to retrieve https://angel.co/elliptic/jobs/353097-senior-software-developer to file 131-elliptic-senior-software-developer.txt
Failed to retrieve https://angel.co/elliptic/jobs/353083-devops-engineer to file 132-elliptic-devops-engineer.txt
Failed to retrieve https://angel.co/etherscan-io/jobs/237632-mobile-app-developer-ios-android to file 133-etherscan-mobile-app-developer--ios---android.txt
Failed to retrieve https://angel.co/etherscan-io/jobs/235678-data-engineer to file 134-etherscan-data-engineer.txt
Failed to retrieve https://angel.co/etherscan-io/jobs/194838-software-engineer to file 135-etherscan-software-engineer.txt
Failed to retrieve https://angel.co/kraken/jobs/292639-qa-engineer to file 156-kraken-qa-engineer.txt
Failed to retrieve https://angel.co/kraken/jobs/243474-software-engineer-crypto-payments to file 157-kraken-software-engineer--crypto-payments.txt
Failed to retrieve https://angel.co/kraken/jobs/242651-software-engineer-crypto-payments to file 158-kraken-software-engineer--crypto-payments.txt
Failed to retrieve https://angel.co/omniex/jobs/354285-full-stack-javascript-software-engineer to file 172-omniex-full-stack-developer.txt
Failed to retrieve https://angel.co/omniex/jobs/340385-data-engineer to file 173-omniex-data-engineer.txt
Failed to retrieve https://angel.co/omniex/jobs/286438-senior-backend-engineer-c to file 174-omniex-senior-backend-engineer.txt
Failed to retrieve https://angel.co/purse/jobs/363427-designer-front-end-developer to file 178-purse-front-end-developer.txt
Failed to retrieve https://angel.co/purse/jobs/245916-software-engineer-intern-front-end-bcoin to file 179-purse-intern--software-engineer.txt
Failed to retrieve https://angel.co/purse/jobs/35570-software-engineer-back-end to file 180-purse-software-engineer--back-end.txt
Failed to retrieve https://angel.co/purse/jobs/90956-open-source-protocol-developer-bcoin to file 181-purse-open-source-protocol-developer.txt
Failed to retrieve https://angel.co/tierion/jobs/332860-senior-frontend-developer to file 196-tierion-senior-from-end-developer.txt
Failed to retrieve https://angel.co/tierion/jobs/304573-senior-backend-node-js-developer to file 197-tierion-senior-backend-developer--node-js.txt
Failed to retrieve https://angel.co/unocoin/jobs/344445-full-stack-developer-rubi-on-rails to file 198-unocoin-full-stack-developer--rubi-on-rails.txt
Failed to retrieve https://angel.co/unocoin/jobs/344442-blockchain-developer to file 199-unocoin-blockchain-developer.txt
Failed to retrieve https://angel.co/unocoin/jobs/344445-full-stack-developer to file 200-unocoin-full-stack-developer.txt
